2024-04-18 00:35:16.768 | INFO     | database.data:insert_price:172 - 数据插入成功，受影响行数，1
2024-04-18 00:35:16.770 | WARNING  | database.data:update_product_status:98 - 数据插入失败
2024-04-18 00:35:16.770 | INFO     | monitor.taobao:get_product_price:79 - 开始监控产品：优衣库女装网眼V领短针织开衫长袖薄外套空调衫2024新款468541，当前价格：199.0
2024-04-18 00:37:12.919 | INFO     | database.data:insert_price:172 - 数据插入成功，受影响行数，1
2024-04-18 00:37:12.919 | INFO     | monitor.taobao:get_product_price:69 - 第2次监控价格，最初价格：199.00，当前价格：199.0
2024-04-18 00:37:16.219 | INFO     | database.data:insert_price:172 - 数据插入成功，受影响行数，1
2024-04-18 00:37:16.231 | WARNING  | database.data:update_product_status:98 - 数据插入失败
2024-04-18 00:37:16.231 | INFO     | monitor.taobao:get_product_price:79 - 开始监控产品：优衣库女装麻混纺吊带连衣裙(打褶高腰时尚法式轻盈新款)466540，当前价格：199.0
2024-04-18 00:38:41.473 | INFO     | database.data:insert_price:173 - 数据插入成功，受影响行数，1
2024-04-18 00:38:41.473 | INFO     | monitor.taobao:get_product_price:69 - 第3次监控价格，最初价格：199.00，当前价格：199.0
2024-04-18 00:38:44.715 | INFO     | database.data:insert_price:173 - 数据插入成功，受影响行数，1
2024-04-18 00:38:44.715 | INFO     | monitor.taobao:get_product_price:69 - 第2次监控价格，最初价格：199.00，当前价格：199.0
2024-04-18 00:39:09.108 | INFO     | database.data:insert_price:173 - 数据插入成功，受影响行数，1
2024-04-18 00:39:09.110 | WARNING  | database.data:update_product_status:99 - 数据插入失败
2024-04-18 00:39:09.110 | INFO     | monitor.taobao:get_product_price:79 - 开始监控产品：优衣库女装网眼V领短针织开衫长袖薄外套空调衫2024新款468541，当前价格：199.0
2024-04-18 00:39:12.440 | INFO     | database.data:insert_price:173 - 数据插入成功，受影响行数，1
2024-04-18 00:39:12.451 | WARNING  | database.data:update_product_status:99 - 数据插入失败
2024-04-18 00:39:12.451 | INFO     | monitor.taobao:get_product_price:79 - 开始监控产品：优衣库女装麻混纺吊带连衣裙(打褶高腰时尚法式轻盈新款)466540，当前价格：199.0
2024-04-18 00:41:23.067 | INFO     | database.data:query_monitor_products:38 - ================================Action
2024-04-18 00:41:23.067 | INFO     | database.data:query_monitor_products:39 - 
        select *
        from store.products
        where monitor_status in (10,11)
        
2024-04-18 00:41:23.067 | INFO     | database.data:query_monitor_products:40 - ================================End
2024-04-18 00:41:48.340 | INFO     | database.data:query_monitor_products:38 - ================================Action
2024-04-18 00:41:48.340 | INFO     | database.data:query_monitor_products:39 - 
        select *
        from store.products
        where monitor_status in (10,11)
        
2024-04-18 00:41:48.340 | INFO     | database.data:query_monitor_products:40 - ================================End
2024-04-18 00:44:06.070 | INFO     | database.data:query_monitor_products:38 - ================================Action
2024-04-18 00:44:06.070 | INFO     | database.data:query_monitor_products:39 - 
        select *
        from store.products
        where monitor_status in (10,11)
        
2024-04-18 00:44:06.070 | INFO     | database.data:query_monitor_products:40 - ================================End
2024-04-18 00:44:09.491 | INFO     | database.data:query_price_count:128 - ================================Action
2024-04-18 00:44:09.491 | INFO     | database.data:query_price_count:129 - 
        select count(*) as count
        from store.price_change
        where product_id = 19
        
2024-04-18 00:44:09.491 | INFO     | database.data:query_price_count:130 - ================================End
2024-04-18 00:44:09.493 | INFO     | database.data:insert_price:185 - ================================Action
2024-04-18 00:44:09.493 | INFO     | database.data:insert_price:186 - 
        insert into store.price_change(
        product_id, price
        )
        values (
        19,'199.0'
        )
        
2024-04-18 00:44:09.493 | INFO     | database.data:insert_price:187 - ================================End
2024-04-18 00:44:09.497 | INFO     | database.data:insert_price:190 - 数据插入成功，受影响行数，1
2024-04-18 00:44:09.499 | INFO     | database.data:update_product_status:99 - ================================Action
2024-04-18 00:44:09.499 | INFO     | database.data:update_product_status:100 - 
        update store.products
        set monitor_status = 19
        where product_id = 11
        
2024-04-18 00:44:09.499 | INFO     | database.data:update_product_status:101 - ================================End
2024-04-18 00:44:09.499 | WARNING  | database.data:update_product_status:107 - 数据插入失败
2024-04-18 00:44:09.499 | INFO     | monitor.taobao:get_product_price:79 - 开始监控产品：优衣库女装麻混纺吊带连衣裙(打褶高腰时尚法式轻盈新款)466540，当前价格：199.0
2024-04-18 00:44:12.737 | INFO     | database.data:query_price_count:128 - ================================Action
2024-04-18 00:44:12.738 | INFO     | database.data:query_price_count:129 - 
        select count(*) as count
        from store.price_change
        where product_id = 20
        
2024-04-18 00:44:12.738 | INFO     | database.data:query_price_count:130 - ================================End
2024-04-18 00:44:12.739 | INFO     | database.data:insert_price:185 - ================================Action
2024-04-18 00:44:12.739 | INFO     | database.data:insert_price:186 - 
        insert into store.price_change(
        product_id, price
        )
        values (
        20,'199.0'
        )
        
2024-04-18 00:44:12.739 | INFO     | database.data:insert_price:187 - ================================End
2024-04-18 00:44:12.744 | INFO     | database.data:insert_price:190 - 数据插入成功，受影响行数，1
2024-04-18 00:44:12.745 | INFO     | database.data:update_product_status:99 - ================================Action
2024-04-18 00:44:12.745 | INFO     | database.data:update_product_status:100 - 
        update store.products
        set monitor_status = 20
        where product_id = 11
        
2024-04-18 00:44:12.745 | INFO     | database.data:update_product_status:101 - ================================End
2024-04-18 00:44:12.745 | WARNING  | database.data:update_product_status:107 - 数据插入失败
2024-04-18 00:44:12.746 | INFO     | monitor.taobao:get_product_price:79 - 开始监控产品：优衣库女装网眼V领短针织开衫长袖薄外套空调衫2024新款468541，当前价格：199.0
2024-04-18 00:47:40.598 | INFO     | database.data:query_monitor_products:38 - ====================query_monitor_products Action
2024-04-18 00:47:40.598 | INFO     | database.data:query_monitor_products:39 - 
        select *
        from store.products
        where monitor_status in (10,11)
        
2024-04-18 00:47:40.599 | INFO     | database.data:query_monitor_products:40 - ====================query_monitor_products End
2024-04-18 00:47:44.096 | INFO     | database.data:query_price_count:128 - ====================query_price_count Action
2024-04-18 00:47:44.096 | INFO     | database.data:query_price_count:129 - 
        select count(*) as count
        from store.price_change
        where product_id = 19
        
2024-04-18 00:47:44.096 | INFO     | database.data:query_price_count:130 - ====================query_price_count End
2024-04-18 00:47:44.098 | INFO     | database.data:insert_price:185 - ====================insert_price Action
2024-04-18 00:47:44.098 | INFO     | database.data:insert_price:186 - 
        insert into store.price_change(
        product_id, price
        )
        values (
        19,'199.0'
        )
        
2024-04-18 00:47:44.098 | INFO     | database.data:insert_price:187 - ====================insert_price End
2024-04-18 00:47:44.102 | INFO     | database.data:insert_price:190 - 数据插入成功，受影响行数，1
2024-04-18 00:47:44.103 | INFO     | database.data:update_product_status:99 - ====================update_product_status Action
2024-04-18 00:47:44.103 | INFO     | database.data:update_product_status:100 - 
        update store.products
        set monitor_status = 11
        where product_id = 19
        
2024-04-18 00:47:44.103 | INFO     | database.data:update_product_status:101 - ====================update_product_status End
2024-04-18 00:47:44.106 | INFO     | database.data:update_product_status:104 - 数据插入成功，受影响行数，1
2024-04-18 00:47:44.106 | INFO     | monitor.taobao:get_product_price:79 - 开始监控产品：优衣库女装麻混纺吊带连衣裙(打褶高腰时尚法式轻盈新款)466540，当前价格：199.0
2024-04-18 00:47:47.347 | INFO     | database.data:query_price_count:128 - ====================query_price_count Action
2024-04-18 00:47:47.347 | INFO     | database.data:query_price_count:129 - 
        select count(*) as count
        from store.price_change
        where product_id = 20
        
2024-04-18 00:47:47.347 | INFO     | database.data:query_price_count:130 - ====================query_price_count End
2024-04-18 00:47:47.349 | INFO     | database.data:insert_price:185 - ====================insert_price Action
2024-04-18 00:47:47.349 | INFO     | database.data:insert_price:186 - 
        insert into store.price_change(
        product_id, price
        )
        values (
        20,'199.0'
        )
        
2024-04-18 00:47:47.349 | INFO     | database.data:insert_price:187 - ====================insert_price End
2024-04-18 00:47:47.352 | INFO     | database.data:insert_price:190 - 数据插入成功，受影响行数，1
2024-04-18 00:47:47.353 | INFO     | database.data:update_product_status:99 - ====================update_product_status Action
2024-04-18 00:47:47.354 | INFO     | database.data:update_product_status:100 - 
        update store.products
        set monitor_status = 11
        where product_id = 20
        
2024-04-18 00:47:47.354 | INFO     | database.data:update_product_status:101 - ====================update_product_status End
2024-04-18 00:47:47.356 | INFO     | database.data:update_product_status:104 - 数据插入成功，受影响行数，1
2024-04-18 00:47:47.356 | INFO     | monitor.taobao:get_product_price:79 - 开始监控产品：优衣库女装网眼V领短针织开衫长袖薄外套空调衫2024新款468541，当前价格：199.0
2024-04-18 01:17:00.253 | INFO     | __main__:<module>:25 - 定时任务启动成功
2024-04-18 01:18:13.736 | INFO     | __main__:<module>:24 - 定时任务启动成功
2024-04-18 01:20:12.008 | INFO     | __main__:<module>:24 - 定时任务启动成功
